<?xml version="1.0" encoding="UTF-8"?>
<!-- Generated by org.testng.reporters.JUnitReportReporter -->
<testsuite hostname="DESKTOP-VL8T50A" failures="0" tests="1" name="com.rameshsoft.automation.appln.bussinessscripts.AmazonTest" time="3.287" errors="0" timestamp="2024-02-16T19:14:02 IST" skipped="0">
  <testcase classname="com.rameshsoft.automation.appln.bussinessscripts.AmazonTest" name="amazonTest" time="3.287"/>
  <system-out/>
</testsuite> <!-- com.rameshsoft.automation.appln.bussinessscripts.AmazonTest -->
