<?xml version="1.0" encoding="UTF-8"?>
<!-- Generated by org.testng.reporters.JUnitReportReporter -->
<testsuite hostname="DESKTOP-VL8T50A" failures="0" tests="1" name="com.rameshsoft.automation.appln.bussinessscripts.Insttest" time="142.086" errors="0" timestamp="2024-05-03T21:47:54 IST" skipped="0">
  <testcase classname="com.rameshsoft.automation.appln.bussinessscripts.Insttest" name="insttest" time="142.086"/>
</testsuite> <!-- com.rameshsoft.automation.appln.bussinessscripts.Insttest -->
