<?xml version="1.0" encoding="UTF-8"?>
<!-- Generated by org.testng.reporters.JUnitReportReporter -->
<testsuite hostname="DESKTOP-VL8T50A" failures="0" tests="1" name="com.rameshsoft.automation.listeners.Retrytest" time="8.720" errors="0" timestamp="2024-02-05T14:20:54 IST" skipped="0">
  <testcase classname="com.rameshsoft.automation.listeners.Retrytest" name="login" time="8.720"/>
  <system-out/>
</testsuite> <!-- com.rameshsoft.automation.listeners.Retrytest -->
