<?xml version="1.0" encoding="UTF-8"?>
<!-- Generated by org.testng.reporters.JUnitReportReporter -->
<testsuite hostname="DESKTOP-VL8T50A" failures="0" tests="1" name="com.rameshsoft.automation.appln.bussinessscripts.GmailPomtest" time="18.360" errors="0" timestamp="2024-03-24T08:26:47 IST" skipped="0">
  <testcase classname="com.rameshsoft.automation.appln.bussinessscripts.GmailPomtest" name="gmailpomTest" time="18.360"/>
  <system-out/>
</testsuite> <!-- com.rameshsoft.automation.appln.bussinessscripts.GmailPomtest -->
